#-----------------------------------------------------------
# Vivado v2021.1 (64-bit)
# SW Build 3247384 on Thu Jun 10 19:36:07 MDT 2021
# IP Build 3246043 on Fri Jun 11 00:30:35 MDT 2021
# Start of session at: Mon Sep  5 09:04:58 2022
# Process ID: 23175
# Current directory: /home/muheet/update_bd/afi_check/nova_project
# Command line: vivado nova_project.xpr
# Log file: /home/muheet/update_bd/afi_check/nova_project/vivado.log
# Journal file: /home/muheet/update_bd/afi_check/nova_project/vivado.jou
#-----------------------------------------------------------
Sourcing tcl script '/home/muheet/.Xilinx/Vivado/Vivado_init.tcl'
no such variable
    (read trace on "::env(HDK_SHELL_DIR)")
    invoked from within
"source $::env(HDK_SHELL_DIR)/hlx/hlx_setup.tcl"
    (file "/home/muheet/.Xilinx/Vivado/Vivado_init.tcl" line 1)
start_gui
open_project nova_project.xpr
Scanning sources...
Finished scanning sources
INFO: [IP_Flow 19-234] Refreshing IP repositories
INFO: [IP_Flow 19-1704] No user IP repositories specified
INFO: [IP_Flow 19-2313] Loaded Vivado IP repository '/opt/Xilinx/Vivado/2021.1/data/ip'.
open_project: Time (s): cpu = 00:00:21 ; elapsed = 00:00:08 . Memory (MB): peak = 7586.980 ; gain = 46.090 ; free physical = 828 ; free virtual = 51697
INFO: [IP_Flow 19-3899] Cannot get the environment domain name variable for the component vendor name. Setting the vendor name to 'user.org'.
update_compile_order -fileset sources_1
open_bd_design {/home/muheet/update_bd/afi_check/nova_project/nova_project.srcs/sources_1/bd/nova_project/nova_project.bd}
Reading block design file </home/muheet/update_bd/afi_check/nova_project/nova_project.srcs/sources_1/bd/nova_project/nova_project.bd>...
Adding component instance block -- xilinx.com:ip:axi_dwidth_converter:2.1 - axi_dwidth_converter_0
Adding component instance block -- xilinx.com:ip:axi_protocol_converter:2.1 - axi_protocol_convert_0
Adding component instance block -- xilinx.com:ip:axi_bram_ctrl:4.1 - axi_bram_ctrl_0
Adding component instance block -- xilinx.com:ip:blk_mem_gen:8.4 - blk_mem_gen_0
Adding component instance block -- xilinx.com:ip:axi_crossbar:2.1 - axi_crossbar_0
Adding component instance block -- xilinx.com:ip:axi_uartlite:2.0 - axi_uartlite_0
Adding component instance block -- xilinx.com:ip:axi_protocol_converter:2.1 - axi_protocol_convert_1
Adding component instance block -- xilinx.com:ip:axi_dwidth_converter:2.1 - axi_dwidth_converter_1
Successfully read diagram <nova_project> from block design file </home/muheet/update_bd/afi_check/nova_project/nova_project.srcs/sources_1/bd/nova_project/nova_project.bd>
exit
INFO: [Common 17-206] Exiting Vivado at Mon Sep  5 09:11:34 2022...
